<?xml version="1.0" encoding="UTF-8"?>
<!-- Generated by org.testng.reporters.JUnitReportReporter -->
<testsuite skipped="0" hostname="DESKTOP-O8A2NA2" name="testScripts.testScript1" tests="1" failures="0" timestamp="28 Jul 2020 14:50:41 GMT" time="0.011" errors="0">
  <testcase name="test001" time="0.011" classname="testScripts.testScript1"/>
</testsuite> <!-- testScripts.testScript1 -->
